<?xml version="1.0" encoding="UTF-8"?>
<!-- Generated by org.testng.reporters.JUnitReportReporter -->
<testsuite skipped="0" hostname="Amitav" name="DataDriven.ExcelDriven" tests="1" failures="0" timestamp="2021-03-06T02:12:43 IST" time="3.898" errors="0">
  <testcase name="addbook" time="3.898" classname="DataDriven.ExcelDriven"/>
  <system-out/>
</testsuite> <!-- DataDriven.ExcelDriven -->
