<?xml version="1.0" encoding="UTF-8"?>
<!-- Generated by org.testng.reporters.JUnitReportReporter -->
<testsuite skipped="0" hostname="Amitav" name="exceldataDriven.ExcelDriven" tests="1" failures="0" timestamp="2021-03-06T00:56:44 IST" time="10.205" errors="0">
  <testcase name="addbook" time="10.205" classname="exceldataDriven.ExcelDriven"/>
  <system-out/>
</testsuite> <!-- exceldataDriven.ExcelDriven -->
