<?xml version="1.0" encoding="UTF-8"?>
<!-- Generated by org.testng.reporters.JUnitReportReporter -->
<testsuite skipped="0" hostname="Amitav" name="demo.DynamicJson" tests="3" failures="0" timestamp="2021-03-09T00:26:53 IST" time="3.933" errors="0">
  <testcase name="addbook" time="0.146" classname="demo.DynamicJson"/>
  <system-out/>
  <testcase name="addbook" time="3.629" classname="demo.DynamicJson"/>
  <system-out/>
  <testcase name="addbook" time="0.158" classname="demo.DynamicJson"/>
  <system-out/>
</testsuite> <!-- demo.DynamicJson -->
