<?xml version="1.0" encoding="UTF-8"?>
<!-- Generated by org.testng.reporters.JUnitReportReporter -->
<testsuite skipped="0" hostname="Amitav" name="demo.Sumvalidation" tests="1" failures="0" timestamp="2021-02-15T20:32:13 IST" time="1.197" errors="0">
  <testcase name="sumOfCourse" time="1.197" classname="demo.Sumvalidation"/>
  <system-out/>
</testsuite> <!-- demo.Sumvalidation -->
